[ 2014-02-10T17:02:34+08:00 ] 127.0.0.1 /think/
INFO: [ app_begin ] --START--
INFO: ReadHtmlCache Behavior ::run [ RunTime:0.000799s ]
INFO: [ app_begin ] --END-- [ RunTime:0.000972s ]
INFO: [ view_parse ] --START--
INFO: ParseTemplate Behavior ::run [ RunTime:0.037973s ]
INFO: [ view_parse ] --END-- [ RunTime:0.038163s ]
INFO: [ view_filter ] --START--
NOTIC: [8] Use of undefined constant APP_TMPL_PATH - assumed 'APP_TMPL_PATH' C:\wamp\www\think\ThinkPHP\Lib\Behavior\ContentReplaceBehavior.class.php 第 40 行.
NOTIC: [8] Use of undefined constant APP_TMPL_PATH - assumed 'APP_TMPL_PATH' C:\wamp\www\think\ThinkPHP\Lib\Behavior\ContentReplaceBehavior.class.php 第 47 行.
INFO: ContentReplace Behavior ::run [ RunTime:0.000793s ]
INFO: TokenBuild Behavior ::run [ RunTime:0.000679s ]
INFO: WriteHtmlCache Behavior ::run [ RunTime:0.000877s ]
INFO: ShowRuntime Behavior ::run [ RunTime:0.000911s ]
INFO: [ view_filter ] --END-- [ RunTime:0.003696s ]
INFO: [ view_end ] --START--
INFO: ShowPageTrace Behavior ::run [ RunTime:0.000869s ]
INFO: [ view_end ] --END-- [ RunTime:0.001022s ]

[ 2014-02-10T18:00:16+08:00 ] 127.0.0.1 /board/
INFO: [ app_begin ] --START--
INFO: ReadHtmlCache Behavior ::run [ RunTime:0.000810s ]
INFO: [ app_begin ] --END-- [ RunTime:0.000982s ]
ERR: Unknown database 'board'

[ 2014-02-10T18:01:44+08:00 ] 127.0.0.1 /board/
INFO: [ app_begin ] --START--
INFO: ReadHtmlCache Behavior ::run [ RunTime:0.001434s ]
INFO: [ app_begin ] --END-- [ RunTime:0.001623s ]
SQL: SHOW COLUMNS FROM `thinkboard` [ RunTime:0.002366s ]
ERR: 1146:Table 'board.thinkboard' doesn't exist
 [ SQL语句 ] : SHOW COLUMNS FROM `thinkboard`
SQL: SELECT * FROM `thinkboard`  [ RunTime:0.000277s ]
ERR: 1146:Table 'board.thinkboard' doesn't exist
 [ SQL语句 ] : SELECT * FROM `thinkboard` 
INFO: [ view_parse ] --START--
INFO: ParseTemplate Behavior ::run [ RunTime:0.011307s ]
INFO: [ view_parse ] --END-- [ RunTime:0.011488s ]
INFO: [ view_filter ] --START--
INFO: ContentReplace Behavior ::run [ RunTime:0.000718s ]
INFO: TokenBuild Behavior ::run [ RunTime:0.000750s ]
INFO: WriteHtmlCache Behavior ::run [ RunTime:0.000582s ]
INFO: ShowRuntime Behavior ::run [ RunTime:0.000957s ]
INFO: [ view_filter ] --END-- [ RunTime:0.003430s ]
INFO: [ view_end ] --START--
INFO: ShowPageTrace Behavior ::run [ RunTime:0.001075s ]
INFO: [ view_end ] --END-- [ RunTime:0.001228s ]

[ 2014-02-10T18:02:16+08:00 ] 127.0.0.1 /board/
INFO: [ app_begin ] --START--
INFO: ReadHtmlCache Behavior ::run [ RunTime:0.001352s ]
INFO: [ app_begin ] --END-- [ RunTime:0.001531s ]
SQL: SHOW COLUMNS FROM `thinkboard` [ RunTime:0.002432s ]
ERR: 1146:Table 'board.thinkboard' doesn't exist
 [ SQL语句 ] : SHOW COLUMNS FROM `thinkboard`
SQL: SELECT * FROM `thinkboard`  [ RunTime:0.000248s ]
ERR: 1146:Table 'board.thinkboard' doesn't exist
 [ SQL语句 ] : SELECT * FROM `thinkboard` 
INFO: [ view_parse ] --START--
INFO: ParseTemplate Behavior ::run [ RunTime:0.012898s ]
INFO: [ view_parse ] --END-- [ RunTime:0.013083s ]
INFO: [ view_filter ] --START--
INFO: ContentReplace Behavior ::run [ RunTime:0.001032s ]
INFO: TokenBuild Behavior ::run [ RunTime:0.001055s ]
INFO: WriteHtmlCache Behavior ::run [ RunTime:0.000884s ]
INFO: ShowRuntime Behavior ::run [ RunTime:0.001192s ]
INFO: [ view_filter ] --END-- [ RunTime:0.004585s ]
INFO: [ view_end ] --START--
INFO: ShowPageTrace Behavior ::run [ RunTime:0.001177s ]
INFO: [ view_end ] --END-- [ RunTime:0.001324s ]

[ 2014-02-10T18:02:17+08:00 ] 127.0.0.1 /board/
INFO: [ app_begin ] --START--
INFO: ReadHtmlCache Behavior ::run [ RunTime:0.001781s ]
INFO: [ app_begin ] --END-- [ RunTime:0.001976s ]
SQL: SHOW COLUMNS FROM `thinkboard` [ RunTime:0.002284s ]
ERR: 1146:Table 'board.thinkboard' doesn't exist
 [ SQL语句 ] : SHOW COLUMNS FROM `thinkboard`
SQL: SELECT * FROM `thinkboard`  [ RunTime:0.000255s ]
ERR: 1146:Table 'board.thinkboard' doesn't exist
 [ SQL语句 ] : SELECT * FROM `thinkboard` 
INFO: [ view_parse ] --START--
INFO: ParseTemplate Behavior ::run [ RunTime:0.013055s ]
INFO: [ view_parse ] --END-- [ RunTime:0.013242s ]
INFO: [ view_filter ] --START--
INFO: ContentReplace Behavior ::run [ RunTime:0.001042s ]
INFO: TokenBuild Behavior ::run [ RunTime:0.001062s ]
INFO: WriteHtmlCache Behavior ::run [ RunTime:0.000951s ]
INFO: ShowRuntime Behavior ::run [ RunTime:0.001192s ]
INFO: [ view_filter ] --END-- [ RunTime:0.004689s ]
INFO: [ view_end ] --START--
INFO: ShowPageTrace Behavior ::run [ RunTime:0.001190s ]
INFO: [ view_end ] --END-- [ RunTime:0.001354s ]

[ 2014-02-10T18:03:08+08:00 ] 127.0.0.1 /board/
INFO: [ app_begin ] --START--
INFO: ReadHtmlCache Behavior ::run [ RunTime:0.000950s ]
INFO: [ app_begin ] --END-- [ RunTime:0.001133s ]
SQL: SHOW COLUMNS FROM `thinkboard` [ RunTime:0.002413s ]
ERR: 1146:Table 'board.thinkboard' doesn't exist
 [ SQL语句 ] : SHOW COLUMNS FROM `thinkboard`
SQL: SELECT * FROM `thinkboard`  [ RunTime:0.000233s ]
ERR: 1146:Table 'board.thinkboard' doesn't exist
 [ SQL语句 ] : SELECT * FROM `thinkboard` 

[ 2014-02-10T18:04:03+08:00 ] 127.0.0.1 /board/
INFO: [ app_begin ] --START--
INFO: ReadHtmlCache Behavior ::run [ RunTime:0.000975s ]
INFO: [ app_begin ] --END-- [ RunTime:0.001172s ]
SQL: SHOW COLUMNS FROM `thinkboard` [ RunTime:0.002367s ]
ERR: 1146:Table 'board.thinkboard' doesn't exist
 [ SQL语句 ] : SHOW COLUMNS FROM `thinkboard`
SQL: SELECT * FROM `thinkboard`  [ RunTime:0.000529s ]
ERR: 1146:Table 'board.thinkboard' doesn't exist
 [ SQL语句 ] : SELECT * FROM `thinkboard` 

[ 2014-02-10T18:04:04+08:00 ] 127.0.0.1 /board/
INFO: [ app_begin ] --START--
INFO: ReadHtmlCache Behavior ::run [ RunTime:0.001069s ]
INFO: [ app_begin ] --END-- [ RunTime:0.001267s ]
SQL: SHOW COLUMNS FROM `thinkboard` [ RunTime:0.002394s ]
ERR: 1146:Table 'board.thinkboard' doesn't exist
 [ SQL语句 ] : SHOW COLUMNS FROM `thinkboard`
SQL: SELECT * FROM `thinkboard`  [ RunTime:0.000248s ]
ERR: 1146:Table 'board.thinkboard' doesn't exist
 [ SQL语句 ] : SELECT * FROM `thinkboard` 

[ 2014-02-10T18:04:04+08:00 ] 127.0.0.1 /board/
INFO: [ app_begin ] --START--
INFO: ReadHtmlCache Behavior ::run [ RunTime:0.001015s ]
INFO: [ app_begin ] --END-- [ RunTime:0.001200s ]
SQL: SHOW COLUMNS FROM `thinkboard` [ RunTime:0.002557s ]
ERR: 1146:Table 'board.thinkboard' doesn't exist
 [ SQL语句 ] : SHOW COLUMNS FROM `thinkboard`
SQL: SELECT * FROM `thinkboard`  [ RunTime:0.000336s ]
ERR: 1146:Table 'board.thinkboard' doesn't exist
 [ SQL语句 ] : SELECT * FROM `thinkboard` 

[ 2014-02-10T18:07:51+08:00 ] 127.0.0.1 /board/
INFO: [ app_begin ] --START--
INFO: ReadHtmlCache Behavior ::run [ RunTime:0.000968s ]
INFO: [ app_begin ] --END-- [ RunTime:0.001152s ]
SQL: SHOW COLUMNS FROM `think_board` [ RunTime:0.002824s ]
SQL: SELECT * FROM `think_board`  [ RunTime:0.000290s ]

[ 2014-02-10T18:08:11+08:00 ] 127.0.0.1 /board/
INFO: [ app_begin ] --START--
INFO: ReadHtmlCache Behavior ::run [ RunTime:0.000939s ]
INFO: [ app_begin ] --END-- [ RunTime:0.001119s ]
SQL: SHOW COLUMNS FROM `think_board` [ RunTime:0.002707s ]
SQL: SELECT * FROM `think_board`  [ RunTime:0.000251s ]
INFO: [ view_parse ] --START--
NOTIC: [8] A non well formed numeric value encountered C:\wamp\www\board\board\Runtime\Cache\c764dd97f773ddbacc492524431d4024.php 第 15 行.
INFO: ParseTemplate Behavior ::run [ RunTime:0.011523s ]
INFO: [ view_parse ] --END-- [ RunTime:0.011695s ]
INFO: [ view_filter ] --START--
INFO: ContentReplace Behavior ::run [ RunTime:0.000761s ]
INFO: TokenBuild Behavior ::run [ RunTime:0.000809s ]
INFO: WriteHtmlCache Behavior ::run [ RunTime:0.000635s ]
INFO: ShowRuntime Behavior ::run [ RunTime:0.000904s ]
INFO: [ view_filter ] --END-- [ RunTime:0.003537s ]
INFO: [ view_end ] --START--
INFO: ShowPageTrace Behavior ::run [ RunTime:0.000915s ]
INFO: [ view_end ] --END-- [ RunTime:0.001068s ]

[ 2014-02-10T18:08:49+08:00 ] 127.0.0.1 /board/
INFO: [ app_begin ] --START--
INFO: ReadHtmlCache Behavior ::run [ RunTime:0.001065s ]
INFO: [ app_begin ] --END-- [ RunTime:0.001271s ]
SQL: SHOW COLUMNS FROM `think_board` [ RunTime:0.002907s ]
SQL: SELECT * FROM `think_board`  [ RunTime:0.000243s ]
INFO: [ view_parse ] --START--
NOTIC: [8] A non well formed numeric value encountered C:\wamp\www\board\board\Runtime\Cache\c764dd97f773ddbacc492524431d4024.php 第 15 行.
NOTIC: [8] A non well formed numeric value encountered C:\wamp\www\board\board\Runtime\Cache\c764dd97f773ddbacc492524431d4024.php 第 15 行.
INFO: ParseTemplate Behavior ::run [ RunTime:0.013671s ]
INFO: [ view_parse ] --END-- [ RunTime:0.013848s ]
INFO: [ view_filter ] --START--
INFO: ContentReplace Behavior ::run [ RunTime:0.000795s ]
INFO: TokenBuild Behavior ::run [ RunTime:0.000772s ]
INFO: WriteHtmlCache Behavior ::run [ RunTime:0.000586s ]
INFO: ShowRuntime Behavior ::run [ RunTime:0.000947s ]
INFO: [ view_filter ] --END-- [ RunTime:0.003529s ]
INFO: [ view_end ] --START--
INFO: ShowPageTrace Behavior ::run [ RunTime:0.001118s ]
INFO: [ view_end ] --END-- [ RunTime:0.001269s ]

[ 2014-02-10T18:09:04+08:00 ] 127.0.0.1 /board/
INFO: [ app_begin ] --START--
INFO: ReadHtmlCache Behavior ::run [ RunTime:0.001725s ]
INFO: [ app_begin ] --END-- [ RunTime:0.001920s ]
SQL: SHOW COLUMNS FROM `think_board` [ RunTime:0.002691s ]
SQL: SELECT * FROM `think_board`  [ RunTime:0.000302s ]
INFO: [ view_parse ] --START--
NOTIC: [8] A non well formed numeric value encountered C:\wamp\www\board\board\Runtime\Cache\c764dd97f773ddbacc492524431d4024.php 第 15 行.
NOTIC: [8] A non well formed numeric value encountered C:\wamp\www\board\board\Runtime\Cache\c764dd97f773ddbacc492524431d4024.php 第 15 行.
NOTIC: [8] A non well formed numeric value encountered C:\wamp\www\board\board\Runtime\Cache\c764dd97f773ddbacc492524431d4024.php 第 15 行.
INFO: ParseTemplate Behavior ::run [ RunTime:0.012367s ]
INFO: [ view_parse ] --END-- [ RunTime:0.012550s ]
INFO: [ view_filter ] --START--
INFO: ContentReplace Behavior ::run [ RunTime:0.001072s ]
INFO: TokenBuild Behavior ::run [ RunTime:0.001205s ]
INFO: WriteHtmlCache Behavior ::run [ RunTime:0.000904s ]
INFO: ShowRuntime Behavior ::run [ RunTime:0.001223s ]
INFO: [ view_filter ] --END-- [ RunTime:0.004841s ]
INFO: [ view_end ] --START--
INFO: ShowPageTrace Behavior ::run [ RunTime:0.001167s ]
INFO: [ view_end ] --END-- [ RunTime:0.001320s ]

[ 2014-02-10T18:11:49+08:00 ] 127.0.0.1 /board/
INFO: [ app_begin ] --START--
INFO: ReadHtmlCache Behavior ::run [ RunTime:0.001073s ]
INFO: [ app_begin ] --END-- [ RunTime:0.001264s ]
SQL: SHOW COLUMNS FROM `think_board` [ RunTime:0.003391s ]
SQL: SELECT * FROM `think_board`  [ RunTime:0.000297s ]
INFO: [ view_parse ] --START--
NOTIC: [8] A non well formed numeric value encountered C:\wamp\www\board\board\Runtime\Cache\c764dd97f773ddbacc492524431d4024.php 第 15 行.
NOTIC: [8] A non well formed numeric value encountered C:\wamp\www\board\board\Runtime\Cache\c764dd97f773ddbacc492524431d4024.php 第 15 行.
NOTIC: [8] A non well formed numeric value encountered C:\wamp\www\board\board\Runtime\Cache\c764dd97f773ddbacc492524431d4024.php 第 15 行.
INFO: ParseTemplate Behavior ::run [ RunTime:0.010857s ]
INFO: [ view_parse ] --END-- [ RunTime:0.011031s ]
INFO: [ view_filter ] --START--
INFO: ContentReplace Behavior ::run [ RunTime:0.000780s ]
INFO: TokenBuild Behavior ::run [ RunTime:0.000785s ]
INFO: WriteHtmlCache Behavior ::run [ RunTime:0.000589s ]
INFO: ShowRuntime Behavior ::run [ RunTime:0.000890s ]
INFO: [ view_filter ] --END-- [ RunTime:0.003479s ]
INFO: [ view_end ] --START--
INFO: ShowPageTrace Behavior ::run [ RunTime:0.000892s ]
INFO: [ view_end ] --END-- [ RunTime:0.001048s ]

