[ 2014-02-13T11:13:16+08:00 ] 127.0.0.1 /message/
INFO: [ app_begin ] --START--
INFO: ReadHtmlCache Behavior ::run [ RunTime:0.018994s ]
INFO: [ app_begin ] --END-- [ RunTime:0.041690s ]
SQL: SHOW COLUMNS FROM `tb_board` [ RunTime:0.096959s ]
SQL: SELECT * FROM `tb_board`  [ RunTime:0.000325s ]
INFO: [ view_parse ] --START--
NOTIC: [8] A non well formed numeric value encountered C:\wamp\www\message\board\Runtime\Cache\c764dd97f773ddbacc492524431d4024.php 第 31 行.
NOTIC: [8] A non well formed numeric value encountered C:\wamp\www\message\board\Runtime\Cache\c764dd97f773ddbacc492524431d4024.php 第 31 行.
NOTIC: [8] A non well formed numeric value encountered C:\wamp\www\message\board\Runtime\Cache\c764dd97f773ddbacc492524431d4024.php 第 31 行.
NOTIC: [8] A non well formed numeric value encountered C:\wamp\www\message\board\Runtime\Cache\c764dd97f773ddbacc492524431d4024.php 第 31 行.
INFO: ParseTemplate Behavior ::run [ RunTime:0.066010s ]
INFO: [ view_parse ] --END-- [ RunTime:0.066180s ]
INFO: [ view_filter ] --START--
INFO: ContentReplace Behavior ::run [ RunTime:0.015946s ]
INFO: TokenBuild Behavior ::run [ RunTime:0.015665s ]
INFO: WriteHtmlCache Behavior ::run [ RunTime:0.012223s ]
INFO: ShowRuntime Behavior ::run [ RunTime:0.005575s ]
INFO: [ view_filter ] --END-- [ RunTime:0.049867s ]
INFO: [ view_end ] --START--
INFO: ShowPageTrace Behavior ::run [ RunTime:0.017755s ]
INFO: [ view_end ] --END-- [ RunTime:0.017918s ]

[ 2014-02-13T11:13:21+08:00 ] 127.0.0.1 /message/index.php/Index/handle.html
INFO: [ route_check ] --START--
INFO: CheckRoute Behavior ::run [ RunTime:0.018276s ]
INFO: [ route_check ] --END-- [ RunTime:0.018471s ]
INFO: [ app_begin ] --START--
INFO: ReadHtmlCache Behavior ::run [ RunTime:0.000694s ]
INFO: [ app_begin ] --END-- [ RunTime:0.000853s ]
SQL: SHOW COLUMNS FROM `tb_board` [ RunTime:0.002741s ]
SQL: INSERT INTO `tb_board` (`username`,`content`) VALUES ('','222') [ RunTime:0.065102s ]
INFO: [ view_parse ] --START--
INFO: ParseTemplate Behavior ::run [ RunTime:0.023783s ]
INFO: [ view_parse ] --END-- [ RunTime:0.024005s ]
INFO: [ view_filter ] --START--
INFO: ContentReplace Behavior ::run [ RunTime:0.000643s ]
INFO: TokenBuild Behavior ::run [ RunTime:0.000543s ]
INFO: WriteHtmlCache Behavior ::run [ RunTime:0.000392s ]
INFO: ShowRuntime Behavior ::run [ RunTime:0.000668s ]
INFO: [ view_filter ] --END-- [ RunTime:0.002677s ]
INFO: [ view_end ] --START--
INFO: ShowPageTrace Behavior ::run [ RunTime:0.000651s ]
INFO: [ view_end ] --END-- [ RunTime:0.000805s ]

[ 2014-02-13T11:13:22+08:00 ] 127.0.0.1 /message/index.php/Index/index.html
INFO: [ route_check ] --START--
INFO: CheckRoute Behavior ::run [ RunTime:0.000775s ]
INFO: [ route_check ] --END-- [ RunTime:0.000955s ]
INFO: [ app_begin ] --START--
INFO: ReadHtmlCache Behavior ::run [ RunTime:0.000638s ]
INFO: [ app_begin ] --END-- [ RunTime:0.000792s ]
SQL: SHOW COLUMNS FROM `tb_board` [ RunTime:0.002539s ]
SQL: SELECT * FROM `tb_board`  [ RunTime:0.000263s ]
INFO: [ view_parse ] --START--
NOTIC: [8] A non well formed numeric value encountered C:\wamp\www\message\board\Runtime\Cache\c764dd97f773ddbacc492524431d4024.php 第 31 行.
NOTIC: [8] A non well formed numeric value encountered C:\wamp\www\message\board\Runtime\Cache\c764dd97f773ddbacc492524431d4024.php 第 31 行.
NOTIC: [8] A non well formed numeric value encountered C:\wamp\www\message\board\Runtime\Cache\c764dd97f773ddbacc492524431d4024.php 第 31 行.
NOTIC: [8] A non well formed numeric value encountered C:\wamp\www\message\board\Runtime\Cache\c764dd97f773ddbacc492524431d4024.php 第 31 行.
NOTIC: [8] A non well formed numeric value encountered C:\wamp\www\message\board\Runtime\Cache\c764dd97f773ddbacc492524431d4024.php 第 31 行.
INFO: ParseTemplate Behavior ::run [ RunTime:0.009663s ]
INFO: [ view_parse ] --END-- [ RunTime:0.009840s ]
INFO: [ view_filter ] --START--
INFO: ContentReplace Behavior ::run [ RunTime:0.000521s ]
INFO: TokenBuild Behavior ::run [ RunTime:0.000537s ]
INFO: WriteHtmlCache Behavior ::run [ RunTime:0.000360s ]
INFO: ShowRuntime Behavior ::run [ RunTime:0.000677s ]
INFO: [ view_filter ] --END-- [ RunTime:0.002509s ]
INFO: [ view_end ] --START--
INFO: ShowPageTrace Behavior ::run [ RunTime:0.000700s ]
INFO: [ view_end ] --END-- [ RunTime:0.000852s ]

[ 2014-02-13T11:13:40+08:00 ] 127.0.0.1 /message/index.php/Index/handle.html
INFO: [ route_check ] --START--
INFO: CheckRoute Behavior ::run [ RunTime:0.000785s ]
INFO: [ route_check ] --END-- [ RunTime:0.000965s ]
INFO: [ app_begin ] --START--
INFO: ReadHtmlCache Behavior ::run [ RunTime:0.000634s ]
INFO: [ app_begin ] --END-- [ RunTime:0.000789s ]
SQL: SHOW COLUMNS FROM `tb_board` [ RunTime:0.002631s ]
SQL: INSERT INTO `tb_board` (`username`,`content`) VALUES ('','333') [ RunTime:0.002248s ]
INFO: [ view_parse ] --START--
INFO: ParseTemplate Behavior ::run [ RunTime:0.007500s ]
INFO: [ view_parse ] --END-- [ RunTime:0.007676s ]
INFO: [ view_filter ] --START--
INFO: ContentReplace Behavior ::run [ RunTime:0.000491s ]
INFO: TokenBuild Behavior ::run [ RunTime:0.000571s ]
INFO: WriteHtmlCache Behavior ::run [ RunTime:0.000398s ]
INFO: ShowRuntime Behavior ::run [ RunTime:0.000664s ]
INFO: [ view_filter ] --END-- [ RunTime:0.002546s ]
INFO: [ view_end ] --START--
INFO: ShowPageTrace Behavior ::run [ RunTime:0.000719s ]
INFO: [ view_end ] --END-- [ RunTime:0.000879s ]

[ 2014-02-13T11:13:41+08:00 ] 127.0.0.1 /message/index.php/Index/index.html
INFO: [ route_check ] --START--
INFO: CheckRoute Behavior ::run [ RunTime:0.000779s ]
INFO: [ route_check ] --END-- [ RunTime:0.000950s ]
INFO: [ app_begin ] --START--
INFO: ReadHtmlCache Behavior ::run [ RunTime:0.000626s ]
INFO: [ app_begin ] --END-- [ RunTime:0.000815s ]
SQL: SHOW COLUMNS FROM `tb_board` [ RunTime:0.002698s ]
SQL: SELECT * FROM `tb_board`  [ RunTime:0.000315s ]
INFO: [ view_parse ] --START--
NOTIC: [8] A non well formed numeric value encountered C:\wamp\www\message\board\Runtime\Cache\c764dd97f773ddbacc492524431d4024.php 第 31 行.
NOTIC: [8] A non well formed numeric value encountered C:\wamp\www\message\board\Runtime\Cache\c764dd97f773ddbacc492524431d4024.php 第 31 行.
NOTIC: [8] A non well formed numeric value encountered C:\wamp\www\message\board\Runtime\Cache\c764dd97f773ddbacc492524431d4024.php 第 31 行.
NOTIC: [8] A non well formed numeric value encountered C:\wamp\www\message\board\Runtime\Cache\c764dd97f773ddbacc492524431d4024.php 第 31 行.
NOTIC: [8] A non well formed numeric value encountered C:\wamp\www\message\board\Runtime\Cache\c764dd97f773ddbacc492524431d4024.php 第 31 行.
NOTIC: [8] A non well formed numeric value encountered C:\wamp\www\message\board\Runtime\Cache\c764dd97f773ddbacc492524431d4024.php 第 31 行.
INFO: ParseTemplate Behavior ::run [ RunTime:0.009681s ]
INFO: [ view_parse ] --END-- [ RunTime:0.009848s ]
INFO: [ view_filter ] --START--
INFO: ContentReplace Behavior ::run [ RunTime:0.000505s ]
INFO: TokenBuild Behavior ::run [ RunTime:0.000527s ]
INFO: WriteHtmlCache Behavior ::run [ RunTime:0.000359s ]
INFO: ShowRuntime Behavior ::run [ RunTime:0.000650s ]
INFO: [ view_filter ] --END-- [ RunTime:0.002441s ]
INFO: [ view_end ] --START--
INFO: ShowPageTrace Behavior ::run [ RunTime:0.000650s ]
INFO: [ view_end ] --END-- [ RunTime:0.000802s ]

[ 2014-02-13T11:14:02+08:00 ] 127.0.0.1 /message/index.php/Index/handle.html
INFO: [ route_check ] --START--
INFO: CheckRoute Behavior ::run [ RunTime:0.000906s ]
INFO: [ route_check ] --END-- [ RunTime:0.001088s ]
INFO: [ app_begin ] --START--
INFO: ReadHtmlCache Behavior ::run [ RunTime:0.000712s ]
INFO: [ app_begin ] --END-- [ RunTime:0.000875s ]
SQL: SHOW COLUMNS FROM `tb_board` [ RunTime:0.002714s ]
SQL: INSERT INTO `tb_board` (`username`,`content`) VALUES ('444','444') [ RunTime:0.002962s ]
INFO: [ view_parse ] --START--
INFO: ParseTemplate Behavior ::run [ RunTime:0.007586s ]
INFO: [ view_parse ] --END-- [ RunTime:0.007763s ]
INFO: [ view_filter ] --START--
INFO: ContentReplace Behavior ::run [ RunTime:0.000485s ]
INFO: TokenBuild Behavior ::run [ RunTime:0.000532s ]
INFO: WriteHtmlCache Behavior ::run [ RunTime:0.000358s ]
INFO: ShowRuntime Behavior ::run [ RunTime:0.000643s ]
INFO: [ view_filter ] --END-- [ RunTime:0.002433s ]
INFO: [ view_end ] --START--
INFO: ShowPageTrace Behavior ::run [ RunTime:0.000645s ]
INFO: [ view_end ] --END-- [ RunTime:0.000795s ]

[ 2014-02-13T11:14:03+08:00 ] 127.0.0.1 /message/index.php/Index/index.html
INFO: [ route_check ] --START--
INFO: CheckRoute Behavior ::run [ RunTime:0.000790s ]
INFO: [ route_check ] --END-- [ RunTime:0.000969s ]
INFO: [ app_begin ] --START--
INFO: ReadHtmlCache Behavior ::run [ RunTime:0.000661s ]
INFO: [ app_begin ] --END-- [ RunTime:0.000813s ]
SQL: SHOW COLUMNS FROM `tb_board` [ RunTime:0.002570s ]
SQL: SELECT * FROM `tb_board`  [ RunTime:0.000259s ]
INFO: [ view_parse ] --START--
NOTIC: [8] A non well formed numeric value encountered C:\wamp\www\message\board\Runtime\Cache\c764dd97f773ddbacc492524431d4024.php 第 31 行.
NOTIC: [8] A non well formed numeric value encountered C:\wamp\www\message\board\Runtime\Cache\c764dd97f773ddbacc492524431d4024.php 第 31 行.
NOTIC: [8] A non well formed numeric value encountered C:\wamp\www\message\board\Runtime\Cache\c764dd97f773ddbacc492524431d4024.php 第 31 行.
NOTIC: [8] A non well formed numeric value encountered C:\wamp\www\message\board\Runtime\Cache\c764dd97f773ddbacc492524431d4024.php 第 31 行.
NOTIC: [8] A non well formed numeric value encountered C:\wamp\www\message\board\Runtime\Cache\c764dd97f773ddbacc492524431d4024.php 第 31 行.
NOTIC: [8] A non well formed numeric value encountered C:\wamp\www\message\board\Runtime\Cache\c764dd97f773ddbacc492524431d4024.php 第 31 行.
NOTIC: [8] A non well formed numeric value encountered C:\wamp\www\message\board\Runtime\Cache\c764dd97f773ddbacc492524431d4024.php 第 31 行.
INFO: ParseTemplate Behavior ::run [ RunTime:0.009677s ]
INFO: [ view_parse ] --END-- [ RunTime:0.009842s ]
INFO: [ view_filter ] --START--
INFO: ContentReplace Behavior ::run [ RunTime:0.000498s ]
INFO: TokenBuild Behavior ::run [ RunTime:0.000534s ]
INFO: WriteHtmlCache Behavior ::run [ RunTime:0.000361s ]
INFO: ShowRuntime Behavior ::run [ RunTime:0.000649s ]
INFO: [ view_filter ] --END-- [ RunTime:0.002453s ]
INFO: [ view_end ] --START--
INFO: ShowPageTrace Behavior ::run [ RunTime:0.000650s ]
INFO: [ view_end ] --END-- [ RunTime:0.000803s ]

